<?xml version="1.0" encoding="UTF-8"?>
<!-- Generated by org.testng.reporters.JUnitReportReporter -->
<testsuite hostname="viacheslavPC" name="EntityManagerTest" tests="1" failures="0" timestamp="9 Jul 2015 13:54:46 GMT" time="2.959" errors="0">
  <testcase name="testBasicUsage" time="2.959" classname="EntityManagerTest"/>
</testsuite> <!-- EntityManagerTest -->
